<?xml version="1.0" ?>
<coverage version="7.8.0" timestamp="1744941015061" lines-valid="1" lines-covered="1" line-rate="1" branches-covered="0" branches-valid="0" branch-rate="0" complexity="0">
	<!-- Generated by coverage.py: https://coverage.readthedocs.io/en/7.8.0 -->
	<!-- Based on https://raw.githubusercontent.com/cobertura/web/master/htdocs/xml/coverage-04.dtd -->
	<sources>
		<source>/Users/w.wrightg/Repos/Record_App</source>
	</sources>
	<packages>
		<package name="." line-rate="1" branch-rate="0" complexity="0">
			<classes>
				<class name="recordapp.py" filename="recordapp.py" complexity="0" line-rate="1" branch-rate="0">
					<methods/>
					<lines>
						<line number="1" hits="1"/>
					</lines>
				</class>
			</classes>
		</package>
	</packages>
</coverage>
